<?xml version="1.0" encoding="UTF-8"?>
<testsuite name="gay.nyaa.purritems.domain.ItemIdTest" tests="7" skipped="0" failures="0" errors="0" timestamp="2026-09-11T22:46:08.725Z" hostname="x270" time="0.241">
  <properties/>
  <testcase name="toString format()" classname="gay.nyaa.purritems.domain.ItemIdTest" time="0.121"/>
  <testcase name="parse valid ItemId()" classname="gay.nyaa.purritems.domain.ItemIdTest" time="0.003"/>
  <testcase name="reject blank key()" classname="gay.nyaa.purritems.domain.ItemIdTest" time="0.011"/>
  <testcase name="reject blank namespace()" classname="gay.nyaa.purritems.domain.ItemIdTest" time="0.009"/>
  <testcase name="reject invalid format()" classname="gay.nyaa.purritems.domain.ItemIdTest" time="0.036"/>
  <testcase name="reject lowercase key()" classname="gay.nyaa.purritems.domain.ItemIdTest" time="0.011"/>
  <testcase name="reject uppercase namespace()" classname="gay.nyaa.purritems.domain.ItemIdTest" time="0.008"/>
  <system-out><![CDATA[]]></system-out>
  <system-err><![CDATA[]]></system-err>
</testsuite>
